# JRE version: Java(TM) SE Runtime Environment (8.0_144-b01) (build 1.8.0_144-b01)
# Java VM: Java HotSpot(TM) 64-Bit Server VM (25.144-b01 mixed mode windows-amd64 compressed oops)
Heap:
 PSYoungGen      total 164352K, used 71582K [0x0000000780700000, 0x000000078cc80000, 0x00000007c0000000)
  eden space 154112K, 39% used [0x0000000780700000,0x0000000784314518,0x0000000789d80000)
  from space 10240K, 98% used [0x000000078b380000,0x000000078bd53410,0x000000078bd80000)
  to   space 15360K, 0% used [0x000000078bd80000,0x000000078bd80000,0x000000078cc80000)
 ParOldGen       total 150016K, used 53505K [0x0000000701400000, 0x000000070a680000, 0x0000000780700000)
  object space 150016K, 35% used [0x0000000701400000,0x00000007048407f8,0x000000070a680000)
 Metaspace       used 72689K, capacity 73843K, committed 74152K, reserved 1114112K
  class space    used 9948K, capacity 10316K, committed 10408K, reserved 1048576K
GC Heap History (10 events):
Event: 56740.571 GC heap before
{Heap before GC invocations=32 (full 5):
 PSYoungGen      total 192000K, used 191633K [0x0000000780700000, 0x000000078f880000, 0x00000007c0000000)
  eden space 179200K, 100% used [0x0000000780700000,0x000000078b600000,0x000000078b600000)
  from space 12800K, 97% used [0x000000078ec00000,0x000000078f8244f0,0x000000078f880000)
  to   space 21504K, 0% used [0x000000078ce80000,0x000000078ce80000,0x000000078e380000)
 ParOldGen       total 150016K, used 51108K [0x0000000701400000, 0x000000070a680000, 0x0000000780700000)
  object space 150016K, 34% used [0x0000000701400000,0x00000007045e9378,0x000000070a680000)
 Metaspace       used 72689K, capacity 73843K, committed 74152K, reserved 1114112K
  class space    used 9948K, capacity 10316K, committed 10408K, reserved 1048576K
Event: 56740.585 GC heap after
Heap after GC invocations=32 (full 5):
 PSYoungGen      total 186368K, used 12385K [0x0000000780700000, 0x000000078ec80000, 0x00000007c0000000)
  eden space 173568K, 0% used [0x0000000780700000,0x0000000780700000,0x000000078b080000)
  from space 12800K, 96% used [0x000000078ce80000,0x000000078da98500,0x000000078db00000)
  to   space 17920K, 0% used [0x000000078db00000,0x000000078db00000,0x000000078ec80000)
 ParOldGen       total 150016K, used 51116K [0x0000000701400000, 0x000000070a680000, 0x0000000780700000)
  object space 150016K, 34% used [0x0000000701400000,0x00000007045eb378,0x000000070a680000)
 Metaspace       used 72689K, capacity 73843K, committed 74152K, reserved 1114112K
  class space    used 9948K, capacity 10316K, committed 10408K, reserved 1048576K
}
Event: 62163.724 GC heap before
{Heap before GC invocations=33 (full 5):
 PSYoungGen      total 186368K, used 185953K [0x0000000780700000, 0x000000078ec80000, 0x00000007c0000000)
  eden space 173568K, 100% used [0x0000000780700000,0x000000078b080000,0x000000078b080000)
  from space 12800K, 96% used [0x000000078ce80000,0x000000078da98500,0x000000078db00000)
  to   space 17920K, 0% used [0x000000078db00000,0x000000078db00000,0x000000078ec80000)
 ParOldGen       total 150016K, used 51116K [0x0000000701400000, 0x000000070a680000, 0x0000000780700000)
  object space 150016K, 34% used [0x0000000701400000,0x00000007045eb378,0x000000070a680000)
 Metaspace       used 72689K, capacity 73843K, committed 74152K, reserved 1114112K
  class space    used 9948K, capacity 10316K, committed 10408K, reserved 1048576K
Event: 62163.733 GC heap after
Heap after GC invocations=33 (full 5):
 PSYoungGen      total 181248K, used 12433K [0x0000000780700000, 0x000000078e780000, 0x00000007c0000000)
  eden space 168448K, 0% used [0x0000000780700000,0x0000000780700000,0x000000078ab80000)
  from space 12800K, 97% used [0x000000078db00000,0x000000078e7244f0,0x000000078e780000)
  to   space 20480K, 0% used [0x000000078bf80000,0x000000078bf80000,0x000000078d380000)
 ParOldGen       total 150016K, used 51116K [0x0000000701400000, 0x000000070a680000, 0x0000000780700000)
  object space 150016K, 34% used [0x0000000701400000,0x00000007045eb378,0x000000070a680000)
 Metaspace       used 72689K, capacity 73843K, committed 74152K, reserved 1114112K
  class space    used 9948K, capacity 10316K, committed 10408K, reserved 1048576K
}
Event: 67445.199 GC heap before
{Heap before GC invocations=34 (full 5):
 PSYoungGen      total 181248K, used 180881K [0x0000000780700000, 0x000000078e780000, 0x00000007c0000000)
  eden space 168448K, 100% used [0x0000000780700000,0x000000078ab80000,0x000000078ab80000)
  from space 12800K, 97% used [0x000000078db00000,0x000000078e7244f0,0x000000078e780000)
  to   space 20480K, 0% used [0x000000078bf80000,0x000000078bf80000,0x000000078d380000)
 ParOldGen       total 150016K, used 51116K [0x0000000701400000, 0x000000070a680000, 0x0000000780700000)
  object space 150016K, 34% used [0x0000000701400000,0x00000007045eb378,0x000000070a680000)
 Metaspace       used 72689K, capacity 73843K, committed 74152K, reserved 1114112K
  class space    used 9948K, capacity 10316K, committed 10408K, reserved 1048576K
Event: 67445.206 GC heap after
Heap after GC invocations=34 (full 5):
 PSYoungGen      total 176128K, used 12401K [0x0000000780700000, 0x000000078db80000, 0x00000007c0000000)
  eden space 163328K, 0% used [0x0000000780700000,0x0000000780700000,0x000000078a680000)
  from space 12800K, 96% used [0x000000078bf80000,0x000000078cb9c4d0,0x000000078cc00000)
  to   space 15872K, 0% used [0x000000078cc00000,0x000000078cc00000,0x000000078db80000)
 ParOldGen       total 150016K, used 51116K [0x0000000701400000, 0x000000070a680000, 0x0000000780700000)
  object space 150016K, 34% used [0x0000000701400000,0x00000007045eb378,0x000000070a680000)
 Metaspace       used 72689K, capacity 73843K, committed 74152K, reserved 1114112K
  class space    used 9948K, capacity 10316K, committed 10408K, reserved 1048576K
}
Event: 72551.347 GC heap before
{Heap before GC invocations=35 (full 5):
 PSYoungGen      total 176128K, used 175729K [0x0000000780700000, 0x000000078db80000, 0x00000007c0000000)
  eden space 163328K, 100% used [0x0000000780700000,0x000000078a680000,0x000000078a680000)
  from space 12800K, 96% used [0x000000078bf80000,0x000000078cb9c4d0,0x000000078cc00000)
  to   space 15872K, 0% used [0x000000078cc00000,0x000000078cc00000,0x000000078db80000)
 ParOldGen       total 150016K, used 51116K [0x0000000701400000, 0x000000070a680000, 0x0000000780700000)
  object space 150016K, 34% used [0x0000000701400000,0x00000007045eb378,0x000000070a680000)
 Metaspace       used 72689K, capacity 73843K, committed 74152K, reserved 1114112K
  class space    used 9948K, capacity 10316K, committed 10408K, reserved 1048576K
Event: 72551.355 GC heap after
Heap after GC invocations=35 (full 5):
 PSYoungGen      total 171520K, used 12433K [0x0000000780700000, 0x000000078d880000, 0x00000007c0000000)
  eden space 158720K, 0% used [0x0000000780700000,0x0000000780700000,0x000000078a200000)
  from space 12800K, 97% used [0x000000078cc00000,0x000000078d8244d0,0x000000078d880000)
  to   space 18944K, 0% used [0x000000078b380000,0x000000078b380000,0x000000078c600000)
 ParOldGen       total 150016K, used 51116K [0x0000000701400000, 0x000000070a680000, 0x0000000780700000)
  object space 150016K, 34% used [0x0000000701400000,0x00000007045eb378,0x000000070a680000)
 Metaspace       used 72689K, capacity 73843K, committed 74152K, reserved 1114112K
  class space    used 9948K, capacity 10316K, committed 10408K, reserved 1048576K
}
Event: 77532.312 GC heap before
{Heap before GC invocations=36 (full 5):
 PSYoungGen      total 171520K, used 171153K [0x0000000780700000, 0x000000078d880000, 0x00000007c0000000)
  eden space 158720K, 100% used [0x0000000780700000,0x000000078a200000,0x000000078a200000)
  from space 12800K, 97% used [0x000000078cc00000,0x000000078d8244d0,0x000000078d880000)
  to   space 18944K, 0% used [0x000000078b380000,0x000000078b380000,0x000000078c600000)
 ParOldGen       total 150016K, used 51116K [0x0000000701400000, 0x000000070a680000, 0x0000000780700000)
  object space 150016K, 34% used [0x0000000701400000,0x00000007045eb378,0x000000070a680000)
 Metaspace       used 72689K, capacity 73843K, committed 74152K, reserved 1114112K
  class space    used 9948K, capacity 10316K, committed 10408K, reserved 1048576K
Event: 77532.320 GC heap after
Heap after GC invocations=36 (full 5):
 PSYoungGen      total 164352K, used 10061K [0x0000000780700000, 0x000000078cc80000, 0x00000007c0000000)
  eden space 154112K, 0% used [0x0000000780700000,0x0000000780700000,0x0000000789d80000)
  from space 10240K, 98% used [0x000000078b380000,0x000000078bd53410,0x000000078bd80000)
  to   space 15360K, 0% used [0x000000078bd80000,0x000000078bd80000,0x000000078cc80000)
 ParOldGen       total 150016K, used 53505K [0x0000000701400000, 0x000000070a680000, 0x0000000780700000)
  object space 150016K, 35% used [0x0000000701400000,0x00000007048407f8,0x000000070a680000)
 Metaspace       used 72689K, capacity 73843K, committed 74152K, reserved 1114112K
  class space    used 9948K, capacity 10316K, committed 10408K, reserved 1048576K
}

